<?xml version="1.0" encoding="UTF-8"?>
<testng-results ignored="0" total="2" passed="0" failed="2" skipped="0">
  <reporter-output>
  </reporter-output>
  <suite started-at="2020-09-29T13:56:29 EET" name="QATechTesting Test Suite (0)" finished-at="2020-09-29T13:57:11 EET" duration-ms="42071">
    <groups>
      <group name="cucumber">
        <method signature="AbstractTestNGCucumberTests.runScenario(io.cucumber.testng.PickleEventWrapper, io.cucumber.testng.CucumberFeatureWrapper)[pri:0, instance:runner.HomePageRunner@c8e4bb0]" name="runScenario" class="io.cucumber.testng.AbstractTestNGCucumberTests"/>
      </group> <!-- cucumber -->
    </groups>
    <test started-at="2020-09-29T13:56:29 EET" name="Chrome Test" finished-at="2020-09-29T13:57:11 EET" duration-ms="42071">
      <class name="runner.HomePageRunner">
        <test-method is-config="true" signature="setUpClass()[pri:0, instance:runner.HomePageRunner@c8e4bb0]" started-at="2020-09-29T13:56:29 EET" name="setUpClass" finished-at="2020-09-29T13:56:29 EET" duration-ms="188" status="PASS">
          <reporter-output>
          </reporter-output>
        </test-method> <!-- setUpClass -->
        <test-method is-config="true" signature="before()[pri:0, instance:runner.HomePageRunner@c8e4bb0]" started-at="2020-09-29T13:56:29 EET" name="before" finished-at="2020-09-29T13:56:29 EET" duration-ms="1" status="PASS">
          <reporter-output>
          </reporter-output>
        </test-method> <!-- before -->
        <test-method signature="runScenario(io.cucumber.testng.PickleEventWrapper, io.cucumber.testng.CucumberFeatureWrapper)[pri:0, instance:runner.HomePageRunner@c8e4bb0]" started-at="2020-09-29T13:56:29 EET" name="runScenario" description="Runs Cucumber Scenarios" data-provider="scenarios" finished-at="2020-09-29T13:57:11 EET" duration-ms="41456" status="FAIL">
          <params>
            <param index="0">
              <value>
                <![CDATA["Check Blog Link displayed"]]>
              </value>
            </param>
            <param index="1">
              <value>
                <![CDATA["Home Page Verifications"]]>
              </value>
            </param>
          </params>
          <exception class="java.lang.Exception">
            <message>
              <![CDATA[Not all Restaurants are listed !]]>
            </message>
            <full-stacktrace>
              <![CDATA[java.lang.Exception: Not all Restaurants are listed !
at applicationpages.RestaurantList.CheckRestaurantsListed(RestaurantList.java:37)
at stepdefs.RestaurantListSteps.restaurantsShouldBeListed(RestaurantListSteps.java:28)
at ✽.Restaurants should be listed(file:src/test/resources/features/HomePage/01_NavigateTo_HomePage.feature:11)
]]>
            </full-stacktrace>
          </exception> <!-- java.lang.Exception -->
          <reporter-output>
          </reporter-output>
        </test-method> <!-- runScenario -->
        <test-method is-config="true" signature="tearDownClass()[pri:0, instance:runner.HomePageRunner@c8e4bb0]" started-at="2020-09-29T13:57:11 EET" name="tearDownClass" finished-at="2020-09-29T13:57:11 EET" duration-ms="292" status="PASS">
          <reporter-output>
          </reporter-output>
        </test-method> <!-- tearDownClass -->
        <test-method is-config="true" signature="after()[pri:0, instance:runner.HomePageRunner@c8e4bb0]" started-at="2020-09-29T13:57:11 EET" name="after" finished-at="2020-09-29T13:57:11 EET" duration-ms="0" status="PASS">
          <reporter-output>
          </reporter-output>
        </test-method> <!-- after -->
      </class> <!-- runner.HomePageRunner -->
    </test> <!-- Chrome Test -->
  </suite> <!-- QATechTesting Test Suite (0) -->
  <suite started-at="2020-09-29T13:57:11 EET" name="QATechTesting Test Suite (1)" finished-at="2020-09-29T13:57:56 EET" duration-ms="45272">
    <groups>
      <group name="cucumber">
        <method signature="AbstractTestNGCucumberTests.runScenario(io.cucumber.testng.PickleEventWrapper, io.cucumber.testng.CucumberFeatureWrapper)[pri:0, instance:runner.HomePageRunner@568bf312]" name="runScenario" class="io.cucumber.testng.AbstractTestNGCucumberTests"/>
      </group> <!-- cucumber -->
    </groups>
    <test started-at="2020-09-29T13:57:11 EET" name="Firefox Test" finished-at="2020-09-29T13:57:56 EET" duration-ms="45272">
      <class name="runner.HomePageRunner">
        <test-method is-config="true" signature="setUpClass()[pri:0, instance:runner.HomePageRunner@568bf312]" started-at="2020-09-29T13:57:11 EET" name="setUpClass" finished-at="2020-09-29T13:57:11 EET" duration-ms="7" status="PASS">
          <reporter-output>
          </reporter-output>
        </test-method> <!-- setUpClass -->
        <test-method is-config="true" signature="before()[pri:0, instance:runner.HomePageRunner@568bf312]" started-at="2020-09-29T13:57:11 EET" name="before" finished-at="2020-09-29T13:57:11 EET" duration-ms="1" status="PASS">
          <reporter-output>
          </reporter-output>
        </test-method> <!-- before -->
        <test-method signature="runScenario(io.cucumber.testng.PickleEventWrapper, io.cucumber.testng.CucumberFeatureWrapper)[pri:0, instance:runner.HomePageRunner@568bf312]" started-at="2020-09-29T13:57:11 EET" name="runScenario" description="Runs Cucumber Scenarios" data-provider="scenarios" finished-at="2020-09-29T13:57:56 EET" duration-ms="45145" status="FAIL">
          <params>
            <param index="0">
              <value>
                <![CDATA["Check Blog Link displayed"]]>
              </value>
            </param>
            <param index="1">
              <value>
                <![CDATA["Home Page Verifications"]]>
              </value>
            </param>
          </params>
          <exception class="java.lang.Exception">
            <message>
              <![CDATA[Not all Restaurants are listed !]]>
            </message>
            <full-stacktrace>
              <![CDATA[java.lang.Exception: Not all Restaurants are listed !
at applicationpages.RestaurantList.CheckRestaurantsListed(RestaurantList.java:37)
at stepdefs.RestaurantListSteps.restaurantsShouldBeListed(RestaurantListSteps.java:28)
at ✽.Restaurants should be listed(file:src/test/resources/features/HomePage/01_NavigateTo_HomePage.feature:11)
]]>
            </full-stacktrace>
          </exception> <!-- java.lang.Exception -->
          <reporter-output>
          </reporter-output>
        </test-method> <!-- runScenario -->
        <test-method is-config="true" signature="tearDownClass()[pri:0, instance:runner.HomePageRunner@568bf312]" started-at="2020-09-29T13:57:56 EET" name="tearDownClass" finished-at="2020-09-29T13:57:56 EET" duration-ms="110" status="PASS">
          <reporter-output>
          </reporter-output>
        </test-method> <!-- tearDownClass -->
        <test-method is-config="true" signature="after()[pri:0, instance:runner.HomePageRunner@568bf312]" started-at="2020-09-29T13:57:56 EET" name="after" finished-at="2020-09-29T13:57:56 EET" duration-ms="0" status="PASS">
          <reporter-output>
          </reporter-output>
        </test-method> <!-- after -->
      </class> <!-- runner.HomePageRunner -->
    </test> <!-- Firefox Test -->
  </suite> <!-- QATechTesting Test Suite (1) -->
  <suite started-at="2020-09-29T13:57:57 EET" name="QATechTesting Test Suite" finished-at="2020-09-29T13:57:57 EET" duration-ms="0">
    <groups>
    </groups>
  </suite> <!-- QATechTesting Test Suite -->
</testng-results>
